2025-07-10 13:41:43.583 [AWT-EventQueue-0] INFO  com.mycompany.ilib.Dashboard - Tema FlatLaf configurado correctamente
2025-07-10 13:41:44.496 [AWT-EventQueue-0] INFO  com.mycompany.ilib.Dashboard - Programa funcionando correctamente
2025-07-10 13:41:55.995 [AWT-EventQueue-0] INFO  com.mycompany.ilib.Dashboard - Usuario hizo clic en Préstamos
2025-07-10 13:41:57.129 [AWT-EventQueue-0] INFO  com.mycompany.ilib.Dashboard - Usuario hizo clic en Devoluciones
2025-07-10 13:41:58.203 [AWT-EventQueue-0] INFO  com.mycompany.ilib.Dashboard - Usuario hizo clic en Usuarios
2025-07-10 13:41:59.111 [AWT-EventQueue-0] INFO  com.mycompany.ilib.Dashboard - Usuario hizo clic en Libros
2025-07-10 13:42:01.362 [AWT-EventQueue-0] INFO  com.mycompany.ilib.Dashboard - Usuario hizo clic en Reportes
2025-07-10 13:42:07.974 [AWT-EventQueue-0] INFO  com.mycompany.ilib.Dashboard - Usuario hizo clic en Devoluciones
2025-07-10 13:42:12.591 [AWT-EventQueue-0] INFO  com.mycompany.ilib.Dashboard - Usuario hizo clic en Usuarios
2025-07-10 13:42:15.236 [AWT-EventQueue-0] INFO  com.mycompany.ilib.Dashboard - Usuario hizo clic en Devoluciones
2025-07-10 13:42:18.409 [AWT-EventQueue-0] INFO  com.mycompany.ilib.Dashboard - Usuario hizo clic en Libros
2025-07-10 13:42:19.058 [AWT-EventQueue-0] INFO  com.mycompany.ilib.Dashboard - Usuario hizo clic en Usuarios
2025-07-10 13:42:29.623 [AWT-EventQueue-0] INFO  com.mycompany.ilib.Dashboard - Usuario hizo clic en Devoluciones
2025-07-10 13:42:32.022 [AWT-EventQueue-0] INFO  com.mycompany.ilib.Dashboard - Usuario hizo clic en Usuarios
2025-07-10 13:42:33.513 [AWT-EventQueue-0] INFO  com.mycompany.ilib.Dashboard - Usuario hizo clic en Libros
2025-07-10 13:42:36.073 [AWT-EventQueue-0] INFO  com.mycompany.ilib.Dashboard - Usuario hizo clic en Devoluciones
2025-07-10 13:42:41.340 [AWT-EventQueue-0] INFO  com.mycompany.ilib.Dashboard - Usuario hizo clic en Reportes
2025-07-10 13:42:51.640 [AWT-EventQueue-0] INFO  com.mycompany.ilib.Dashboard - Usuario hizo clic en Usuarios
2025-07-10 13:42:53.134 [AWT-EventQueue-0] INFO  com.mycompany.ilib.Dashboard - Usuario hizo clic en Libros
2025-07-10 13:42:54.235 [AWT-EventQueue-0] INFO  com.mycompany.ilib.Dashboard - Usuario hizo clic en Devoluciones
2025-07-10 13:57:16.185 [AWT-EventQueue-0] INFO  com.mycompany.ilib.Dashboard - Usuario hizo clic en Principal
2025-07-10 13:58:01.474 [AWT-EventQueue-0] INFO  com.mycompany.ilib.Dashboard - Usuario hizo clic en Usuarios
2025-07-10 13:58:02.279 [AWT-EventQueue-0] INFO  com.mycompany.ilib.Dashboard - Usuario hizo clic en Libros
2025-07-10 13:58:03.481 [AWT-EventQueue-0] INFO  com.mycompany.ilib.Dashboard - Usuario hizo clic en Devoluciones
2025-07-10 13:58:05.115 [AWT-EventQueue-0] INFO  com.mycompany.ilib.Dashboard - Usuario hizo clic en Libros
2025-07-10 13:58:06.471 [AWT-EventQueue-0] INFO  com.mycompany.ilib.Dashboard - Usuario hizo clic en Usuarios
2025-07-10 13:58:07.505 [AWT-EventQueue-0] INFO  com.mycompany.ilib.Dashboard - Usuario hizo clic en Libros
2025-07-10 13:58:17.544 [AWT-EventQueue-0] INFO  com.mycompany.ilib.Dashboard - Usuario hizo clic en Devoluciones
2025-07-10 13:58:18.390 [AWT-EventQueue-0] INFO  com.mycompany.ilib.Dashboard - Usuario hizo clic en Usuarios
2025-07-10 13:58:29.868 [AWT-EventQueue-0] INFO  com.mycompany.ilib.Dashboard - Usuario hizo clic en Libros
2025-07-10 13:58:30.744 [AWT-EventQueue-0] INFO  com.mycompany.ilib.Dashboard - Usuario hizo clic en Reportes
2025-07-10 13:58:32.115 [AWT-EventQueue-0] INFO  com.mycompany.ilib.Dashboard - Usuario hizo clic en Libros
2025-07-10 13:58:33.182 [AWT-EventQueue-0] INFO  com.mycompany.ilib.Dashboard - Usuario hizo clic en Devoluciones
2025-07-10 13:58:34.984 [AWT-EventQueue-0] INFO  com.mycompany.ilib.Dashboard - Usuario hizo clic en Usuarios
2025-07-10 13:59:09.323 [AWT-EventQueue-0] INFO  com.mycompany.ilib.Dashboard - Usuario hizo clic en Principal
2025-07-10 13:59:28.040 [AWT-EventQueue-0] INFO  com.mycompany.ilib.Dashboard - Usuario hizo clic en Préstamos
2025-07-10 13:59:34.698 [AWT-EventQueue-0] INFO  com.mycompany.ilib.Dashboard - Usuario hizo clic en Libros
2025-07-10 13:59:38.191 [AWT-EventQueue-0] INFO  com.mycompany.ilib.Dashboard - Usuario hizo clic en Usuarios
2025-07-10 13:59:39.738 [AWT-EventQueue-0] INFO  com.mycompany.ilib.Dashboard - Usuario hizo clic en Libros
2025-07-10 13:59:41.457 [AWT-EventQueue-0] INFO  com.mycompany.ilib.Dashboard - Usuario hizo clic en Usuarios
2025-07-10 13:59:43.021 [AWT-EventQueue-0] INFO  com.mycompany.ilib.Dashboard - Usuario hizo clic en Usuarios
2025-07-10 13:59:44.296 [AWT-EventQueue-0] INFO  com.mycompany.ilib.Dashboard - Usuario hizo clic en Libros
2025-07-10 13:59:48.364 [AWT-EventQueue-0] INFO  com.mycompany.ilib.Dashboard - Usuario hizo clic en Préstamos
2025-07-10 14:00:01.596 [AWT-EventQueue-0] INFO  com.mycompany.ilib.Dashboard - Usuario hizo clic en Usuarios
2025-07-10 14:00:09.186 [AWT-EventQueue-0] INFO  com.mycompany.ilib.Dashboard - Usuario hizo clic en Devoluciones
2025-07-10 14:00:12.667 [AWT-EventQueue-0] INFO  com.mycompany.ilib.Dashboard - Usuario hizo clic en Préstamos
2025-07-10 14:00:41.845 [AWT-EventQueue-0] INFO  com.mycompany.ilib.Dashboard - Usuario hizo clic en Reportes
2025-07-10 14:00:56.768 [AWT-EventQueue-0] INFO  com.mycompany.ilib.Dashboard - Usuario hizo clic en Devoluciones
2025-07-10 14:01:28.622 [AWT-EventQueue-0] INFO  com.mycompany.ilib.Dashboard - Usuario hizo clic en Reportes
2025-07-10 14:01:36.345 [AWT-EventQueue-0] INFO  com.mycompany.ilib.Dashboard - Usuario hizo clic en Préstamos
2025-07-10 14:01:38.102 [AWT-EventQueue-0] INFO  com.mycompany.ilib.Dashboard - Usuario hizo clic en Devoluciones
2025-07-10 14:07:41.089 [AWT-EventQueue-0] INFO  com.mycompany.ilib.Dashboard - Usuario hizo clic en Reportes
