2025-07-04 09:04:19.936 [main] INFO  com.mycompany.ilib.Dashboard - Tema FlatLaf configurado correctamente
2025-07-04 09:04:20.469 [AWT-EventQueue-0] INFO  com.mycompany.ilib.Dashboard - Programa funcionando correctamente
2025-07-04 09:04:22.868 [AWT-EventQueue-0] INFO  com.mycompany.ilib.Dashboard - Usuario hizo clic en Principal
2025-07-04 09:04:23.688 [AWT-EventQueue-0] INFO  com.mycompany.ilib.Dashboard - Usuario hizo clic en Préstamos
2025-07-04 09:04:24.912 [AWT-EventQueue-0] INFO  com.mycompany.ilib.Dashboard - Usuario hizo clic en Devoluciones
2025-07-04 09:04:26.377 [AWT-EventQueue-0] INFO  com.mycompany.ilib.Dashboard - Usuario hizo clic en Usuarios
2025-07-04 09:04:28.464 [AWT-EventQueue-0] INFO  com.mycompany.ilib.Dashboard - Usuario hizo clic en Libros
2025-07-04 09:04:29.821 [AWT-EventQueue-0] INFO  com.mycompany.ilib.Dashboard - Usuario hizo clic en Usuarios
2025-07-04 09:05:18.122 [AWT-EventQueue-0] INFO  com.mycompany.ilib.Dashboard - Usuario hizo clic en Libros
2025-07-04 09:05:19.416 [AWT-EventQueue-0] INFO  com.mycompany.ilib.Dashboard - Usuario hizo clic en Reportes
2025-07-04 09:05:21.166 [AWT-EventQueue-0] INFO  com.mycompany.ilib.Dashboard - Usuario hizo clic en Libros
2025-07-04 09:05:23.755 [AWT-EventQueue-0] INFO  com.mycompany.ilib.Dashboard - Usuario hizo clic en Devoluciones
2025-07-04 09:05:26.445 [AWT-EventQueue-0] INFO  com.mycompany.ilib.Dashboard - Usuario hizo clic en Usuarios
2025-07-04 09:05:27.793 [AWT-EventQueue-0] INFO  com.mycompany.ilib.Dashboard - Usuario hizo clic en Libros
2025-07-04 09:05:28.708 [AWT-EventQueue-0] INFO  com.mycompany.ilib.Dashboard - Usuario hizo clic en Reportes
2025-07-04 09:05:36.578 [AWT-EventQueue-0] INFO  com.mycompany.ilib.Dashboard - Usuario hizo clic en Principal
2025-07-04 09:05:37.451 [AWT-EventQueue-0] INFO  com.mycompany.ilib.Dashboard - Usuario hizo clic en Préstamos
2025-07-04 09:05:39.983 [AWT-EventQueue-0] INFO  com.mycompany.ilib.Dashboard - Usuario hizo clic en Usuarios
2025-07-04 09:05:41.371 [AWT-EventQueue-0] INFO  com.mycompany.ilib.Dashboard - Usuario hizo clic en Devoluciones
2025-07-04 09:05:42.464 [AWT-EventQueue-0] INFO  com.mycompany.ilib.Dashboard - Usuario hizo clic en Préstamos
2025-07-04 09:05:49.762 [AWT-EventQueue-0] INFO  com.mycompany.ilib.Dashboard - Usuario hizo clic en Usuarios
2025-07-04 09:05:51.871 [AWT-EventQueue-0] INFO  com.mycompany.ilib.Dashboard - Usuario hizo clic en Libros
2025-07-04 09:05:53.483 [AWT-EventQueue-0] INFO  com.mycompany.ilib.Dashboard - Usuario hizo clic en Libros
2025-07-04 09:05:54.466 [AWT-EventQueue-0] INFO  com.mycompany.ilib.Dashboard - Usuario hizo clic en Usuarios
2025-07-04 09:05:55.662 [AWT-EventQueue-0] INFO  com.mycompany.ilib.Dashboard - Usuario hizo clic en Reportes
2025-07-04 09:11:12.339 [AWT-EventQueue-0] INFO  com.mycompany.ilib.Dashboard - Usuario hizo clic en Usuarios
2025-07-04 09:11:19.714 [AWT-EventQueue-0] INFO  com.mycompany.ilib.Dashboard - Usuario hizo clic en Usuarios
2025-07-04 09:11:20.901 [AWT-EventQueue-0] INFO  com.mycompany.ilib.Dashboard - Usuario hizo clic en Libros
2025-07-04 09:11:23.268 [AWT-EventQueue-0] INFO  com.mycompany.ilib.Dashboard - Usuario hizo clic en Reportes
2025-07-04 09:11:32.847 [AWT-EventQueue-0] INFO  com.mycompany.ilib.Dashboard - Usuario hizo clic en Usuarios
2025-07-04 09:11:54.678 [AWT-EventQueue-0] INFO  com.mycompany.ilib.Dashboard - Usuario hizo clic en Reportes
2025-07-04 09:12:28.307 [AWT-EventQueue-0] INFO  com.mycompany.ilib.Dashboard - Usuario hizo clic en Préstamos
2025-07-04 09:12:58.614 [AWT-EventQueue-0] INFO  com.mycompany.ilib.Dashboard - Usuario hizo clic en Usuarios
2025-07-04 09:12:59.309 [AWT-EventQueue-0] INFO  com.mycompany.ilib.Dashboard - Usuario hizo clic en Libros
2025-07-04 09:12:59.946 [AWT-EventQueue-0] INFO  com.mycompany.ilib.Dashboard - Usuario hizo clic en Reportes
2025-07-04 09:13:17.177 [AWT-EventQueue-0] INFO  com.mycompany.ilib.Dashboard - Usuario hizo clic en Usuarios
2025-07-04 09:13:18.221 [AWT-EventQueue-0] INFO  com.mycompany.ilib.Dashboard - Usuario hizo clic en Devoluciones
2025-07-04 11:23:39.171 [main] INFO  com.mycompany.ilib.Dashboard - Tema FlatLaf configurado correctamente
2025-07-04 11:23:39.666 [AWT-EventQueue-0] INFO  com.mycompany.ilib.Dashboard - Programa funcionando correctamente
2025-07-04 11:23:43.675 [AWT-EventQueue-0] INFO  com.mycompany.ilib.Dashboard - Usuario hizo clic en Libros
2025-07-04 11:24:01.447 [AWT-EventQueue-0] INFO  com.mycompany.ilib.Dashboard - Usuario hizo clic en Usuarios
2025-07-04 11:24:02.508 [AWT-EventQueue-0] INFO  com.mycompany.ilib.Dashboard - Usuario hizo clic en Libros
2025-07-04 11:24:03.514 [AWT-EventQueue-0] INFO  com.mycompany.ilib.Dashboard - Usuario hizo clic en Reportes
2025-07-04 11:24:26.476 [AWT-EventQueue-0] INFO  com.mycompany.ilib.Dashboard - Usuario hizo clic en Libros
2025-07-04 11:24:33.030 [AWT-EventQueue-0] INFO  com.mycompany.ilib.Dashboard - Usuario hizo clic en Reportes
2025-07-04 12:38:22.231 [AWT-EventQueue-0] INFO  com.mycompany.ilib.Dashboard - Tema FlatLaf configurado correctamente
2025-07-04 12:38:22.728 [AWT-EventQueue-0] INFO  com.mycompany.ilib.Dashboard - Programa funcionando correctamente
2025-07-04 12:46:56.443 [AWT-EventQueue-0] INFO  com.mycompany.ilib.Dashboard - Tema FlatLaf configurado correctamente
2025-07-04 12:46:56.785 [AWT-EventQueue-0] INFO  com.mycompany.ilib.Dashboard - Programa funcionando correctamente
2025-07-04 12:51:31.509 [AWT-EventQueue-0] INFO  com.mycompany.ilib.Dashboard - Tema FlatLaf configurado correctamente
2025-07-04 12:51:31.826 [AWT-EventQueue-0] INFO  com.mycompany.ilib.Dashboard - Programa funcionando correctamente
